Content: Starting an online business can be a thrilling venture, but it requires careful planning, execution, and ongoing effort. Here's a step-by-step guide to help you get started:

**Research and Planning (Weeks 1-4)**

1. **Identify your niche**: Choose a profitable and in-demand niche that you're passionate about.
2. **Conduct market research**: Analyze your competition, target audience, and potential revenue streams.
3. **Define your business model**: Determine how you'll generate revenue (e.g., e-commerce, affiliate marketing, services).
4. **Create a business plan**: Outline your goals, strategies, and financial projections.

**Setting Up Your Online Presence (Weeks 5-8)**

1. **Register a business name**: Choose a unique and memorable name for your business.
2. **Register a domain name**: Secure a web address that matches your business name.
3. **Set up web hosting**: Choose a reliable web hosting service to host your website.
4. **Create a professional website**: Design a user-friendly website that showcases your products or services.
5. **Establish a social media presence**: Create profiles on relevant social media platforms.

**Developing Your Product or Service (Weeks 9-12)**

1. **Develop a minimum viable product (MVP)**: Create a basic version of your product or service to test with a small audience.
2. **Test and refine your offering**: Gather feedback and iterate to improve your product or service.
3. **Create a sales funnel**: Develop a process to guide potential customers through the buying process.

**Marketing and Promotion (Weeks 13-16)**

1. **Develop a content marketing strategy**: Create valuable content to attract and engage your target audience.
2. **Build an email list**: Collect email addresses from potential customers and create a newsletter or promotional emails.
3. **Utilize paid advertising**: Use platforms like Google Ads, Facebook Ads, or Instagram Ads to reach a wider audience.
4. **Leverage social media marketing**: Share your content, engage with your audience, and run social media ads.

**Launch and Growth (After Week 16)**

1. **Launch your online business**: Make your website and products or services available to the public.
2. **Monitor and analyze performance**: Track your website analytics, sales, and customer feedback.
3. **Continuously improve and optimize**: Refine your strategies, products, or services based on customer feedback and performance data.
4. **Scale your business**: Expand your marketing efforts, product offerings, or team to grow your business.

Additional Tips:

* **Stay up-to-date with industry trends**: Attend webinars, conferences, and online courses to stay informed about the latest online business strategies.
* **Be patient and persistent**: Building a successful online business takes time, effort, and perseverance.
* **Seek support**: Join online communities, forums, or find a mentor to help you navigate the challenges of starting an online business.

Remember, starting an online business is just the beginning. It's essential to continually adapt, innovate, and improve to achieve long-term success. - 2025-02-17 12:02:01

